<?xml version="1.0" encoding="UTF-8"?>
<!-- Generated by org.testng.reporters.JUnitReportReporter -->
<testsuite skipped="0" hostname="User1-PC" name="com.class4.SauceDemo" tests="1" failures="0" timestamp="07 Jun 2019 00:38:25 GMT" time="6.890" errors="0">
  <testcase name="userName1" time="6.890" classname="com.class4.SauceDemo"/>
</testsuite> <!-- com.class4.SauceDemo -->
