<?xml version="1.0" encoding="UTF-8"?>
<!-- Generated by org.testng.reporters.JUnitReportReporter -->
<testsuite skipped="0" hostname="User1-PC" name="com.class2.SmartbearsoftwareExample" tests="3" failures="0" timestamp="09 Jun 2019 14:04:56 GMT" time="5.783" errors="0">
  <testcase name="loginScreenTitle" time="2.024" classname="com.class2.SmartbearsoftwareExample"/>
  <testcase name="login" time="2.686" classname="com.class2.SmartbearsoftwareExample"/>
  <testcase name="webOrders" time="1.073" classname="com.class2.SmartbearsoftwareExample"/>
</testsuite> <!-- com.class2.SmartbearsoftwareExample -->
