<?xml version="1.0" encoding="UTF-8"?>
<!-- Generated by org.testng.reporters.JUnitReportReporter -->
<testsuite skipped="0" hostname="User1-PC" name="com.class1.beforeAndAfterMethod" tests="2" failures="0" timestamp="29 May 2019 01:29:13 GMT" time="0.022" errors="0">
  <testcase name="testMethod2" time="0.005" classname="com.class1.beforeAndAfterMethod"/>
  <testcase name="testMethod1" time="0.017" classname="com.class1.beforeAndAfterMethod"/>
</testsuite> <!-- com.class1.beforeAndAfterMethod -->
