<?xml version="1.0" encoding="UTF-8"?>
<!-- Generated by org.testng.reporters.JUnitReportReporter -->
<testsuite skipped="0" hostname="User1-PC" name="com.parallelpracrice.Yahoo" tests="1" failures="0" timestamp="13 Jun 2019 22:09:35 GMT" time="11.083" errors="0">
  <testcase name="setUp" time="11.083" classname="com.parallelpracrice.Yahoo"/>
</testsuite> <!-- com.parallelpracrice.Yahoo -->
