<?xml version="1.0" encoding="UTF-8"?>
<!-- Generated by org.testng.reporters.JUnitReportReporter -->
<testsuite skipped="0" hostname="User1-PC" name="com.class5.SauceDemo" tests="2" failures="0" timestamp="13 Jun 2019 22:31:32 GMT" time="16.293" errors="0">
  <testcase name="testCrossBrowser" time="7.486" classname="com.class5.SauceDemo"/>
  <testcase name="testCrossBrowser" time="8.807" classname="com.class5.SauceDemo"/>
</testsuite> <!-- com.class5.SauceDemo -->
