<?xml version="1.0" encoding="UTF-8"?>
<!-- Generated by org.testng.reporters.JUnitReportReporter -->
<testsuite skipped="0" hostname="User1-PC" name="com.class1.SauceDemo" tests="1" failures="0" timestamp="30 May 2019 22:51:34 GMT" time="7.052" errors="0">
  <testcase name="login" time="7.052" classname="com.class1.SauceDemo"/>
</testsuite> <!-- com.class1.SauceDemo -->
