<?xml version="1.0" encoding="UTF-8"?>
<!-- Generated by org.testng.reporters.JUnitReportReporter -->
<testsuite skipped="0" hostname="User1-PC" name="com.parallelpracrice.Google" tests="1" failures="0" timestamp="13 Jun 2019 22:09:35 GMT" time="12.563" errors="0">
  <testcase name="setUp" time="12.563" classname="com.parallelpracrice.Google"/>
</testsuite> <!-- com.parallelpracrice.Google -->
