<?xml version="1.0" encoding="UTF-8"?>
<!-- Generated by org.testng.reporters.JUnitReportReporter -->
<testsuite skipped="0" hostname="User1-PC" name="com.class1.orangehrmExample" tests="1" failures="0" timestamp="30 May 2019 22:09:59 GMT" time="14.110" errors="0">
  <testcase name="login" time="14.110" classname="com.class1.orangehrmExample"/>
</testsuite> <!-- com.class1.orangehrmExample -->
