<?xml version="1.0" encoding="UTF-8"?>
<!-- Generated by org.testng.reporters.JUnitReportReporter -->
<testsuite skipped="0" hostname="User1-PC" name="com.class3.DependsOnMethods" tests="3" failures="0" timestamp="06 Jun 2019 01:44:15 GMT" time="0.013" errors="0">
  <testcase name="one" time="0.010" classname="com.class3.DependsOnMethods"/>
  <testcase name="three" time="0.001" classname="com.class3.DependsOnMethods"/>
  <testcase name="two" time="0.002" classname="com.class3.DependsOnMethods"/>
</testsuite> <!-- com.class3.DependsOnMethods -->
