<?xml version="1.0" encoding="UTF-8"?>
<!-- Generated by org.testng.reporters.JUnitReportReporter -->
<testsuite skipped="0" hostname="User1-PC" name="com.class1.testDemo" tests="3" failures="0" timestamp="29 May 2019 01:14:58 GMT" time="0.022" errors="0">
  <testcase name="testDemo" time="0.002" classname="com.class1.testDemo"/>
  <testcase name="a" time="0.012" classname="com.class1.testDemo"/>
  <testcase name="b" time="0.008" classname="com.class1.testDemo"/>
</testsuite> <!-- com.class1.testDemo -->
