<?xml version="1.0" encoding="UTF-8"?>
<!-- Generated by org.testng.reporters.JUnitReportReporter -->
<testsuite skipped="0" hostname="User1-PC" name="com.class4.HomeWork" tests="2" failures="0" timestamp="12 Jun 2019 18:48:29 GMT" time="3.905" errors="0">
  <testcase name="login" time="0.883" classname="com.class4.HomeWork"/>
  <testcase name="clickAll" time="3.022" classname="com.class4.HomeWork"/>
</testsuite> <!-- com.class4.HomeWork -->
