<?xml version="1.0" encoding="UTF-8"?>
<!-- Generated by org.testng.reporters.JUnitReportReporter -->
<testsuite skipped="0" hostname="User1-PC" name="com.class3.SauceDemo" tests="2" failures="0" timestamp="07 Jun 2019 00:04:47 GMT" time="16.519" errors="0">
  <testcase name="userName2" time="11.126" classname="com.class3.SauceDemo"/>
  <testcase name="userName1" time="5.393" classname="com.class3.SauceDemo"/>
</testsuite> <!-- com.class3.SauceDemo -->
