<?xml version="1.0" encoding="UTF-8"?>
<!-- Generated by org.testng.reporters.JUnitReportReporter -->
<testsuite skipped="0" hostname="User1-PC" name="com.class4.parametersSauceDemo" tests="2" failures="0" timestamp="07 Jun 2019 02:00:27 GMT" time="17.442" errors="0">
  <testcase name="userName2" time="10.628" classname="com.class4.parametersSauceDemo"/>
  <testcase name="userName1" time="6.814" classname="com.class4.parametersSauceDemo"/>
</testsuite> <!-- com.class4.parametersSauceDemo -->
